{"/Users/oskarhane/Development/karhu/packages/react-karhu/src/index.tsx": {"path":"/Users/oskarhane/Development/karhu/packages/react-karhu/src/index.tsx","statementMap":{"0":{"start":{"line":1,"column":0},"end":{"line":1,"column":63}},"1":{"start":{"line":6,"column":21},"end":{"line":6,"column":72}},"2":{"start":{"line":17,"column":13},"end":{"line":28,"column":2}},"3":{"start":{"line":18,"column":51},"end":{"line":18,"column":75}},"4":{"start":{"line":19,"column":10},"end":{"line":19,"column":15}},"5":{"start":{"line":21,"column":2},"end":{"line":25,"column":9}},"6":{"start":{"line":23,"column":6},"end":{"line":23,"column":38}},"7":{"start":{"line":27,"column":2},"end":{"line":27,"column":14}},"8":{"start":{"line":31,"column":51},"end":{"line":31,"column":75}},"9":{"start":{"line":32,"column":10},"end":{"line":32,"column":15}},"10":{"start":{"line":33,"column":8},"end":{"line":33,"column":9}},"11":{"start":{"line":33,"column":9},"end":{"line":33,"column":21}},"12":{"start":{"line":33,"column":23},"end":{"line":33,"column":65}},"13":{"start":{"line":35,"column":4},"end":{"line":35,"column":39}},"14":{"start":{"line":38,"column":2},"end":{"line":44,"column":4}},"15":{"start":{"line":40,"column":19},"end":{"line":40,"column":52}},"16":{"start":{"line":41,"column":6},"end":{"line":41,"column":28}},"17":{"start":{"line":46,"column":15},"end":{"line":48,"column":3}},"18":{"start":{"line":47,"column":4},"end":{"line":47,"column":39}},"19":{"start":{"line":50,"column":2},"end":{"line":50,"column":32}},"20":{"start":{"line":30,"column":0},"end":{"line":30,"column":16}},"21":{"start":{"line":58,"column":10},"end":{"line":58,"column":18}},"22":{"start":{"line":59,"column":8},"end":{"line":59,"column":10}},"23":{"start":{"line":59,"column":10},"end":{"line":59,"column":14}},"24":{"start":{"line":59,"column":16},"end":{"line":59,"column":54}},"25":{"start":{"line":60,"column":2},"end":{"line":60,"column":42}},"26":{"start":{"line":57,"column":0},"end":{"line":57,"column":16}},"27":{"start":{"line":63,"column":8},"end":{"line":63,"column":16}},"28":{"start":{"line":63,"column":18},"end":{"line":63,"column":26}},"29":{"start":{"line":64,"column":21},"end":{"line":64,"column":34}},"30":{"start":{"line":64,"column":48},"end":{"line":64,"column":61}}},"fnMap":{"0":{"name":"(anonymous_2)","decl":{"start":{"line":17,"column":26},"end":{"line":17,"column":27}},"loc":{"start":{"line":17,"column":49},"end":{"line":28,"column":1}}},"1":{"name":"(anonymous_3)","decl":{"start":{"line":21,"column":12},"end":{"line":21,"column":null}},"loc":{"start":{"line":21,"column":12},"end":{"line":25,"column":3}}},"2":{"name":"useKarhu","decl":{"start":{"line":30,"column":16},"end":{"line":30,"column":24}},"loc":{"start":{"line":30,"column":38},"end":{"line":51,"column":1}}},"3":{"name":"(anonymous_5)","decl":{"start":{"line":39,"column":4},"end":{"line":39,"column":null}},"loc":{"start":{"line":39,"column":4},"end":{"line":42,"column":5}}},"4":{"name":"(anonymous_6)","decl":{"start":{"line":46,"column":15},"end":{"line":46,"column":16}},"loc":{"start":{"line":46,"column":26},"end":{"line":48,"column":3}}},"5":{"name":"KarhuComponent","decl":{"start":{"line":57,"column":16},"end":{"line":57,"column":30}},"loc":{"start":{"line":57,"column":43},"end":{"line":61,"column":1}}}},"branchMap":{},"s":{"0":1,"1":1,"2":1,"3":11,"4":11,"5":11,"6":3,"7":11,"8":16,"9":16,"10":16,"11":16,"12":16,"13":2,"14":14,"15":7,"16":7,"17":14,"18":1,"19":14,"20":1,"21":16,"22":16,"23":14,"24":14,"25":14,"26":1,"27":1,"28":1,"29":1,"30":1},"f":{"0":11,"1":3,"2":16,"3":7,"4":1,"5":16},"b":{}}
}
