{"/Users/oskarhane/Development/karhu/packages/react-karhu/src/index.tsx": {"path":"/Users/oskarhane/Development/karhu/packages/react-karhu/src/index.tsx","statementMap":{"0":{"start":{"line":1,"column":0},"end":{"line":1,"column":63}},"1":{"start":{"line":2,"column":0},"end":{"line":2,"column":32}},"2":{"start":{"line":5,"column":14},"end":{"line":5,"column":25}},"3":{"start":{"line":7,"column":21},"end":{"line":7,"column":47}},"4":{"start":{"line":18,"column":13},"end":{"line":27,"column":2}},"5":{"start":{"line":19,"column":2},"end":{"line":26,"column":4}},"6":{"start":{"line":22,"column":8},"end":{"line":22,"column":40}},"7":{"start":{"line":23,"column":8},"end":{"line":23,"column":20}},"8":{"start":{"line":30,"column":23},"end":{"line":30,"column":47}},"9":{"start":{"line":31,"column":8},"end":{"line":31,"column":9}},"10":{"start":{"line":31,"column":9},"end":{"line":31,"column":21}},"11":{"start":{"line":31,"column":23},"end":{"line":31,"column":65}},"12":{"start":{"line":33,"column":15},"end":{"line":39,"column":3}},"13":{"start":{"line":35,"column":6},"end":{"line":35,"column":41}},"14":{"start":{"line":37,"column":29},"end":{"line":37,"column":62}},"15":{"start":{"line":38,"column":4},"end":{"line":38,"column":16}},"16":{"start":{"line":40,"column":2},"end":{"line":46,"column":4}},"17":{"start":{"line":42,"column":19},"end":{"line":42,"column":58}},"18":{"start":{"line":43,"column":6},"end":{"line":43,"column":28}},"19":{"start":{"line":48,"column":2},"end":{"line":48,"column":32}},"20":{"start":{"line":57,"column":10},"end":{"line":57,"column":18}},"21":{"start":{"line":58,"column":8},"end":{"line":58,"column":10}},"22":{"start":{"line":58,"column":10},"end":{"line":58,"column":14}},"23":{"start":{"line":58,"column":16},"end":{"line":58,"column":48}},"24":{"start":{"line":59,"column":2},"end":{"line":59,"column":42}},"25":{"start":{"line":56,"column":0},"end":{"line":56,"column":16}},"26":{"start":{"line":62,"column":8},"end":{"line":62,"column":16}},"27":{"start":{"line":62,"column":18},"end":{"line":62,"column":26}},"28":{"start":{"line":63,"column":21},"end":{"line":63,"column":34}},"29":{"start":{"line":63,"column":48},"end":{"line":63,"column":61}}},"fnMap":{"0":{"name":"(anonymous_3)","decl":{"start":{"line":18,"column":26},"end":{"line":18,"column":27}},"loc":{"start":{"line":18,"column":49},"end":{"line":27,"column":1}}},"1":{"name":"(anonymous_4)","decl":{"start":{"line":21,"column":7},"end":{"line":21,"column":12}},"loc":{"start":{"line":21,"column":12},"end":{"line":24,"column":7}}},"2":{"name":"useKarhu","decl":{"start":{"line":29,"column":9},"end":{"line":29,"column":17}},"loc":{"start":{"line":29,"column":30},"end":{"line":49,"column":1}}},"3":{"name":"(anonymous_6)","decl":{"start":{"line":33,"column":15},"end":{"line":33,"column":16}},"loc":{"start":{"line":33,"column":26},"end":{"line":39,"column":3}}},"4":{"name":"(anonymous_7)","decl":{"start":{"line":41,"column":4},"end":{"line":41,"column":null}},"loc":{"start":{"line":41,"column":4},"end":{"line":44,"column":5}}},"5":{"name":"KarhuComponent","decl":{"start":{"line":56,"column":16},"end":{"line":56,"column":30}},"loc":{"start":{"line":56,"column":43},"end":{"line":60,"column":1}}}},"branchMap":{},"s":{"0":1,"1":1,"2":1,"3":1,"4":1,"5":11,"6":11,"7":11,"8":14,"9":14,"10":14,"11":14,"12":14,"13":0,"14":1,"15":1,"16":14,"17":7,"18":7,"19":14,"20":14,"21":14,"22":14,"23":14,"24":14,"25":1,"26":1,"27":1,"28":1,"29":1},"f":{"0":11,"1":11,"2":14,"3":1,"4":7,"5":14},"b":{}}
}
