TN:
SF:/Users/oskarhane/Development/karhu/packages/react-karhu/src/index.tsx
FN:18,(anonymous_3)
FN:21,(anonymous_4)
FN:29,useKarhu
FN:33,(anonymous_6)
FN:41,(anonymous_7)
FN:56,KarhuComponent
FNF:6
FNH:6
FNDA:11,(anonymous_3)
FNDA:11,(anonymous_4)
FNDA:14,useKarhu
FNDA:1,(anonymous_6)
FNDA:7,(anonymous_7)
FNDA:14,KarhuComponent
DA:1,1
DA:2,1
DA:5,1
DA:7,1
DA:18,1
DA:19,11
DA:22,11
DA:23,11
DA:30,14
DA:31,14
DA:33,14
DA:35,0
DA:37,1
DA:38,1
DA:40,14
DA:42,7
DA:43,7
DA:48,14
DA:56,1
DA:57,14
DA:58,14
DA:59,14
DA:62,1
DA:63,1
LF:24
LH:23
BRF:0
BRH:0
end_of_record
