TN:
SF:/Users/oskarhane/Development/karhu/packages/react-karhu/src/index.tsx
FN:17,(anonymous_2)
FN:21,(anonymous_3)
FN:30,useKarhu
FN:39,(anonymous_5)
FN:46,(anonymous_6)
FN:57,KarhuComponent
FNF:6
FNH:6
FNDA:11,(anonymous_2)
FNDA:3,(anonymous_3)
FNDA:16,useKarhu
FNDA:7,(anonymous_5)
FNDA:1,(anonymous_6)
FNDA:16,KarhuComponent
DA:1,1
DA:6,1
DA:17,1
DA:18,11
DA:19,11
DA:21,11
DA:23,3
DA:27,11
DA:30,1
DA:31,16
DA:32,16
DA:33,16
DA:35,2
DA:38,14
DA:40,7
DA:41,7
DA:46,14
DA:47,1
DA:50,14
DA:57,1
DA:58,16
DA:59,16
DA:60,14
DA:63,1
DA:64,1
LF:25
LH:25
BRF:0
BRH:0
end_of_record
