<?xml version="1.0" encoding="UTF-8"?>
<coverage generated="1549566949156" clover="3.2.0">
  <project timestamp="1549566949157" name="All files">
    <metrics statements="153" coveredstatements="153" conditionals="16" coveredconditionals="16" methods="47" coveredmethods="47" elements="216" coveredelements="216" complexity="0" loc="153" ncloc="153" packages="1" files="3" classes="3"/>
    <file name="index.ts" path="/Users/oskarhane/Development/karhu/packages/karhu/src/index.ts">
      <metrics statements="65" coveredstatements="65" conditionals="2" coveredconditionals="2" methods="26" coveredmethods="26"/>
      <line num="1" count="2" type="stmt"/>
      <line num="10" count="2" type="stmt"/>
      <line num="12" count="2" type="stmt"/>
      <line num="13" count="2" type="stmt"/>
      <line num="14" count="3" type="stmt"/>
      <line num="15" count="3" type="stmt"/>
      <line num="16" count="3" type="stmt"/>
      <line num="19" count="3" type="stmt"/>
      <line num="21" count="1" type="stmt"/>
      <line num="24" count="1" type="stmt"/>
      <line num="28" count="2" type="stmt"/>
      <line num="29" count="16" type="stmt"/>
      <line num="30" count="16" type="stmt"/>
      <line num="31" count="16" type="stmt"/>
      <line num="34" count="2" type="stmt"/>
      <line num="35" count="16" type="stmt"/>
      <line num="36" count="16" type="stmt"/>
      <line num="38" count="15" type="stmt"/>
      <line num="40" count="1" type="stmt"/>
      <line num="42" count="1" type="stmt"/>
      <line num="44" count="1" type="stmt"/>
      <line num="47" count="16" type="stmt"/>
      <line num="50" count="2" type="stmt"/>
      <line num="51" count="3" type="stmt"/>
      <line num="54" count="2" type="stmt"/>
      <line num="55" count="4" type="stmt"/>
      <line num="58" count="2" type="stmt"/>
      <line num="59" count="1" type="stmt"/>
      <line num="62" count="2" type="stmt"/>
      <line num="63" count="4" type="stmt"/>
      <line num="66" count="7" type="stmt"/>
      <line num="68" count="1" type="stmt"/>
      <line num="70" count="6" type="stmt"/>
      <line num="72" count="13" type="stmt"/>
      <line num="74" count="6" type="stmt"/>
      <line num="76" count="3" type="stmt"/>
      <line num="79" count="11" type="stmt"/>
      <line num="80" count="14" type="stmt"/>
      <line num="81" count="14" type="stmt"/>
      <line num="82" count="28" type="stmt"/>
      <line num="83" count="6" type="stmt"/>
      <line num="85" count="2" type="stmt"/>
      <line num="88" count="6" type="stmt"/>
      <line num="91" count="2" type="stmt"/>
      <line num="92" count="6" type="stmt"/>
      <line num="94" count="1" type="stmt"/>
      <line num="96" count="5" type="stmt"/>
      <line num="97" count="5" type="stmt"/>
      <line num="98" count="5" type="stmt"/>
      <line num="99" count="5" type="stmt"/>
      <line num="102" count="2" type="stmt"/>
      <line num="103" count="10" type="stmt"/>
      <line num="106" count="2" type="stmt"/>
      <line num="107" count="5" type="stmt"/>
      <line num="108" count="7" type="stmt"/>
      <line num="110" count="5" type="stmt"/>
      <line num="111" count="5" type="stmt"/>
      <line num="116" count="2" type="stmt"/>
      <line num="117" count="16" type="stmt"/>
      <line num="118" count="16" type="stmt"/>
      <line num="121" count="2" type="stmt"/>
      <line num="123" count="9" type="stmt"/>
      <line num="125" count="37" type="cond" truecount="2" falsecount="0"/>
      <line num="129" count="37" type="stmt"/>
      <line num="135" count="2" type="stmt"/>
    </file>
    <file name="types.ts" path="/Users/oskarhane/Development/karhu/packages/karhu/src/types.ts">
      <metrics statements="7" coveredstatements="7" conditionals="2" coveredconditionals="2" methods="1" coveredmethods="1"/>
      <line num="19" count="2" type="cond" truecount="2" falsecount="0"/>
      <line num="20" count="2" type="stmt"/>
      <line num="21" count="2" type="stmt"/>
      <line num="22" count="2" type="stmt"/>
      <line num="23" count="2" type="stmt"/>
      <line num="24" count="2" type="stmt"/>
      <line num="25" count="2" type="stmt"/>
    </file>
    <file name="utils.ts" path="/Users/oskarhane/Development/karhu/packages/karhu/src/utils.ts">
      <metrics statements="81" coveredstatements="81" conditionals="12" coveredconditionals="12" methods="20" coveredmethods="20"/>
      <line num="1" count="2" type="stmt"/>
      <line num="11" count="2" type="stmt"/>
      <line num="12" count="9" type="stmt"/>
      <line num="13" count="9" type="stmt"/>
      <line num="14" count="21" type="stmt"/>
      <line num="15" count="21" type="stmt"/>
      <line num="16" count="27" type="stmt"/>
      <line num="17" count="27" type="stmt"/>
      <line num="18" count="52" type="stmt"/>
      <line num="20" count="52" type="stmt"/>
      <line num="23" count="1" type="stmt"/>
      <line num="27" count="3" type="stmt"/>
      <line num="31" count="10" type="stmt"/>
      <line num="35" count="11" type="stmt"/>
      <line num="40" count="24" type="stmt"/>
      <line num="43" count="27" type="stmt"/>
      <line num="46" count="21" type="stmt"/>
      <line num="47" count="27" type="stmt"/>
      <line num="49" count="5" type="stmt"/>
      <line num="50" count="5" type="stmt"/>
      <line num="52" count="22" type="stmt"/>
      <line num="54" count="21" type="stmt"/>
      <line num="55" count="21" type="stmt"/>
      <line num="57" count="9" type="stmt"/>
      <line num="61" count="80" type="stmt"/>
      <line num="67" count="3" type="stmt"/>
      <line num="73" count="10" type="stmt"/>
      <line num="79" count="11" type="stmt"/>
      <line num="85" count="21" type="stmt"/>
      <line num="91" count="2" type="stmt"/>
      <line num="95" count="18" type="cond" truecount="2" falsecount="0"/>
      <line num="97" count="12" type="stmt"/>
      <line num="98" count="12" type="stmt"/>
      <line num="99" count="12" type="stmt"/>
      <line num="100" count="12" type="stmt"/>
      <line num="102" count="21" type="stmt"/>
      <line num="105" count="22" type="stmt"/>
      <line num="107" count="37" type="stmt"/>
      <line num="110" count="7" type="stmt"/>
      <line num="112" count="5" type="stmt"/>
      <line num="113" count="5" type="stmt"/>
      <line num="115" count="1" type="stmt"/>
      <line num="117" count="4" type="stmt"/>
      <line num="119" count="1" type="stmt"/>
      <line num="125" count="12" type="stmt"/>
      <line num="128" count="2" type="stmt"/>
      <line num="129" count="2" type="stmt"/>
      <line num="131" count="2" type="stmt"/>
      <line num="132" count="3" type="stmt"/>
      <line num="133" count="3" type="stmt"/>
      <line num="137" count="1" type="stmt"/>
      <line num="138" count="1" type="stmt"/>
      <line num="139" count="1" type="stmt"/>
      <line num="140" count="1" type="stmt"/>
      <line num="143" count="2" type="stmt"/>
      <line num="146" count="2" type="stmt"/>
      <line num="147" count="10" type="stmt"/>
      <line num="148" count="10" type="stmt"/>
      <line num="149" count="10" type="stmt"/>
      <line num="151" count="4" type="stmt"/>
      <line num="153" count="17" type="stmt"/>
      <line num="155" count="6" type="stmt"/>
      <line num="156" count="6" type="stmt"/>
      <line num="157" count="7" type="stmt"/>
      <line num="162" count="7" type="stmt"/>
      <line num="166" count="2" type="stmt"/>
      <line num="167" count="15" type="stmt"/>
      <line num="168" count="30" type="cond" truecount="4" falsecount="0"/>
      <line num="169" count="15" type="stmt"/>
      <line num="170" count="15" type="stmt"/>
      <line num="172" count="15" type="stmt"/>
      <line num="177" count="15" type="stmt"/>
      <line num="179" count="15" type="stmt"/>
      <line num="180" count="8" type="stmt"/>
      <line num="182" count="2" type="stmt"/>
      <line num="184" count="6" type="stmt"/>
      <line num="185" count="12" type="stmt"/>
      <line num="187" count="6" type="stmt"/>
      <line num="189" count="6" type="stmt"/>
      <line num="192" count="6" type="stmt"/>
      <line num="194" count="15" type="stmt"/>
    </file>
  </project>
</coverage>
