{"/Users/oskarhane/Development/karhu/packages/karhu/src/index.ts": {"path":"/Users/oskarhane/Development/karhu/packages/karhu/src/index.ts","statementMap":{"0":{"start":{"line":1,"column":0},"end":{"line":1,"column":null}},"1":{"start":{"line":10,"column":0},"end":{"line":10,"column":86}},"2":{"start":{"line":12,"column":0},"end":{"line":12,"column":21}},"3":{"start":{"line":14,"column":2},"end":{"line":14,"column":27}},"4":{"start":{"line":15,"column":2},"end":{"line":15,"column":30}},"5":{"start":{"line":16,"column":2},"end":{"line":16,"column":32}},"6":{"start":{"line":19,"column":4},"end":{"line":19,"column":17}},"7":{"start":{"line":21,"column":6},"end":{"line":21,"column":35}},"8":{"start":{"line":24,"column":6},"end":{"line":24,"column":47}},"9":{"start":{"line":28,"column":2},"end":{"line":32,"column":null}},"10":{"start":{"line":29,"column":4},"end":{"line":29,"column":24}},"11":{"start":{"line":30,"column":4},"end":{"line":30,"column":23}},"12":{"start":{"line":31,"column":4},"end":{"line":31,"column":25}},"13":{"start":{"line":34,"column":2},"end":{"line":48,"column":null}},"14":{"start":{"line":35,"column":37},"end":{"line":35,"column":66}},"15":{"start":{"line":36,"column":30},"end":{"line":36,"column":95}},"16":{"start":{"line":36,"column":56},"end":{"line":36,"column":84}},"17":{"start":{"line":38,"column":6},"end":{"line":38,"column":42}},"18":{"start":{"line":40,"column":6},"end":{"line":45,"column":9}},"19":{"start":{"line":42,"column":10},"end":{"line":42,"column":33}},"20":{"start":{"line":44,"column":8},"end":{"line":44,"column":17}},"21":{"start":{"line":47,"column":4},"end":{"line":47,"column":27}},"22":{"start":{"line":50,"column":2},"end":{"line":52,"column":null}},"23":{"start":{"line":51,"column":4},"end":{"line":51,"column":66}},"24":{"start":{"line":51,"column":46},"end":{"line":51,"column":65}},"25":{"start":{"line":54,"column":2},"end":{"line":56,"column":null}},"26":{"start":{"line":55,"column":4},"end":{"line":55,"column":25}},"27":{"start":{"line":58,"column":2},"end":{"line":60,"column":null}},"28":{"start":{"line":59,"column":4},"end":{"line":59,"column":33}},"29":{"start":{"line":62,"column":2},"end":{"line":64,"column":null}},"30":{"start":{"line":63,"column":4},"end":{"line":63,"column":27}},"31":{"start":{"line":66,"column":2},"end":{"line":89,"column":null}},"32":{"start":{"line":66,"column":2},"end":{"line":66,"column":22}},"33":{"start":{"line":68,"column":6},"end":{"line":68,"column":16}},"34":{"start":{"line":70,"column":47},"end":{"line":70,"column":84}},"35":{"start":{"line":72,"column":4},"end":{"line":72,"column":81}},"36":{"start":{"line":72,"column":54},"end":{"line":72,"column":80}},"37":{"start":{"line":74,"column":47},"end":{"line":74,"column":95}},"38":{"start":{"line":76,"column":6},"end":{"line":76,"column":52}},"39":{"start":{"line":79,"column":4},"end":{"line":79,"column":56}},"40":{"start":{"line":79,"column":37},"end":{"line":79,"column":55}},"41":{"start":{"line":80,"column":30},"end":{"line":80,"column":62}},"42":{"start":{"line":80,"column":57},"end":{"line":80,"column":62}},"43":{"start":{"line":81,"column":4},"end":{"line":81,"column":73}},"44":{"start":{"line":81,"column":44},"end":{"line":81,"column":72}},"45":{"start":{"line":82,"column":21},"end":{"line":82,"column":100}},"46":{"start":{"line":82,"column":41},"end":{"line":82,"column":83}},"47":{"start":{"line":82,"column":67},"end":{"line":82,"column":79}},"48":{"start":{"line":82,"column":96},"end":{"line":82,"column":100}},"49":{"start":{"line":83,"column":4},"end":{"line":87,"column":7}},"50":{"start":{"line":85,"column":8},"end":{"line":85,"column":31}},"51":{"start":{"line":88,"column":4},"end":{"line":88,"column":20}},"52":{"start":{"line":91,"column":2},"end":{"line":100,"column":null}},"53":{"start":{"line":92,"column":20},"end":{"line":92,"column":44}},"54":{"start":{"line":94,"column":6},"end":{"line":94,"column":29}},"55":{"start":{"line":96,"column":4},"end":{"line":96,"column":90}},"56":{"start":{"line":97,"column":4},"end":{"line":97,"column":50}},"57":{"start":{"line":97,"column":21},"end":{"line":97,"column":47}},"58":{"start":{"line":98,"column":4},"end":{"line":98,"column":31}},"59":{"start":{"line":99,"column":4},"end":{"line":99,"column":27}},"60":{"start":{"line":102,"column":2},"end":{"line":104,"column":null}},"61":{"start":{"line":103,"column":4},"end":{"line":103,"column":56}},"62":{"start":{"line":103,"column":37},"end":{"line":103,"column":49}},"63":{"start":{"line":106,"column":2},"end":{"line":114,"column":null}},"64":{"start":{"line":107,"column":17},"end":{"line":107,"column":18}},"65":{"start":{"line":108,"column":27},"end":{"line":108,"column":43}},"66":{"start":{"line":110,"column":8},"end":{"line":110,"column":28}},"67":{"start":{"line":111,"column":8},"end":{"line":111,"column":14}},"68":{"start":{"line":116,"column":2},"end":{"line":119,"column":null}},"69":{"start":{"line":117,"column":32},"end":{"line":117,"column":60}},"70":{"start":{"line":118,"column":4},"end":{"line":118,"column":22}},"71":{"start":{"line":13,"column":9},"end":{"line":13,"column":31}},"72":{"start":{"line":121,"column":9},"end":{"line":134,"column":4}},"73":{"start":{"line":123,"column":6},"end":{"line":123,"column":27}},"74":{"start":{"line":125,"column":23},"end":{"line":125,"column":77}},"75":{"start":{"line":129,"column":4},"end":{"line":132,"column":null}},"76":{"start":{"line":135,"column":0},"end":{"line":135,"column":null}}},"fnMap":{"0":{"name":"Karhu","decl":{"start":{"line":18,"column":2},"end":{"line":18,"column":14}},"loc":{"start":{"line":18,"column":64},"end":{"line":26,"column":3}}},"1":{"name":"(anonymous_6)","decl":{"start":{"line":28,"column":2},"end":{"line":28,"column":7}},"loc":{"start":{"line":28,"column":2},"end":{"line":32,"column":3}}},"2":{"name":"(anonymous_7)","decl":{"start":{"line":34,"column":2},"end":{"line":34,"column":12}},"loc":{"start":{"line":34,"column":41},"end":{"line":48,"column":3}}},"3":{"name":"(anonymous_8)","decl":{"start":{"line":36,"column":51},"end":{"line":36,"column":52}},"loc":{"start":{"line":36,"column":52},"end":{"line":36,"column":57}}},"4":{"name":"(anonymous_9)","decl":{"start":{"line":40,"column":40},"end":{"line":40,"column":41}},"loc":{"start":{"line":40,"column":41},"end":{"line":45,"column":7}}},"5":{"name":"(anonymous_10)","decl":{"start":{"line":50,"column":2},"end":{"line":50,"column":15}},"loc":{"start":{"line":50,"column":33},"end":{"line":52,"column":3}}},"6":{"name":"(anonymous_11)","decl":{"start":{"line":51,"column":41},"end":{"line":51,"column":42}},"loc":{"start":{"line":51,"column":42},"end":{"line":51,"column":47}}},"7":{"name":"(anonymous_12)","decl":{"start":{"line":54,"column":2},"end":{"line":54,"column":13}},"loc":{"start":{"line":54,"column":2},"end":{"line":56,"column":3}}},"8":{"name":"(anonymous_13)","decl":{"start":{"line":58,"column":2},"end":{"line":58,"column":19}},"loc":{"start":{"line":58,"column":42},"end":{"line":60,"column":3}}},"9":{"name":"(anonymous_14)","decl":{"start":{"line":62,"column":2},"end":{"line":62,"column":15}},"loc":{"start":{"line":62,"column":2},"end":{"line":64,"column":3}}},"10":{"name":"(anonymous_15)","decl":{"start":{"line":66,"column":2},"end":{"line":66,"column":22}},"loc":{"start":{"line":66,"column":37},"end":{"line":89,"column":3}}},"11":{"name":"(anonymous_16)","decl":{"start":{"line":72,"column":49},"end":{"line":72,"column":50}},"loc":{"start":{"line":72,"column":50},"end":{"line":72,"column":55}}},"12":{"name":"(anonymous_17)","decl":{"start":{"line":79,"column":27},"end":{"line":79,"column":28}},"loc":{"start":{"line":79,"column":32},"end":{"line":79,"column":38}}},"13":{"name":"(anonymous_18)","decl":{"start":{"line":80,"column":52},"end":{"line":80,"column":53}},"loc":{"start":{"line":80,"column":53},"end":{"line":80,"column":58}}},"14":{"name":"(anonymous_19)","decl":{"start":{"line":81,"column":33},"end":{"line":81,"column":34}},"loc":{"start":{"line":81,"column":39},"end":{"line":81,"column":53}}},"15":{"name":"(anonymous_20)","decl":{"start":{"line":82,"column":35},"end":{"line":82,"column":37}},"loc":{"start":{"line":82,"column":37},"end":{"line":82,"column":45}}},"16":{"name":"(anonymous_21)","decl":{"start":{"line":82,"column":62},"end":{"line":82,"column":63}},"loc":{"start":{"line":82,"column":63},"end":{"line":82,"column":68}}},"17":{"name":"(anonymous_22)","decl":{"start":{"line":82,"column":91},"end":{"line":82,"column":92}},"loc":{"start":{"line":82,"column":92},"end":{"line":82,"column":97}}},"18":{"name":"(anonymous_23)","decl":{"start":{"line":83,"column":21},"end":{"line":83,"column":22}},"loc":{"start":{"line":83,"column":22},"end":{"line":87,"column":5}}},"19":{"name":"(anonymous_24)","decl":{"start":{"line":91,"column":2},"end":{"line":91,"column":12}},"loc":{"start":{"line":91,"column":38},"end":{"line":100,"column":3}}},"20":{"name":"(anonymous_25)","decl":{"start":{"line":97,"column":15},"end":{"line":97,"column":21}},"loc":{"start":{"line":97,"column":15},"end":{"line":97,"column":28}}},"21":{"name":"(anonymous_26)","decl":{"start":{"line":102,"column":2},"end":{"line":102,"column":17}},"loc":{"start":{"line":102,"column":28},"end":{"line":104,"column":3}}},"22":{"name":"(anonymous_27)","decl":{"start":{"line":103,"column":32},"end":{"line":103,"column":33}},"loc":{"start":{"line":103,"column":33},"end":{"line":103,"column":38}}},"23":{"name":"(anonymous_28)","decl":{"start":{"line":106,"column":2},"end":{"line":106,"column":19}},"loc":{"start":{"line":106,"column":30},"end":{"line":114,"column":3}}},"24":{"name":"(anonymous_29)","decl":{"start":{"line":116,"column":2},"end":{"line":116,"column":17}},"loc":{"start":{"line":116,"column":46},"end":{"line":119,"column":3}}},"25":{"name":"(anonymous_30)","decl":{"start":{"line":121,"column":25},"end":{"line":121,"column":26}},"loc":{"start":{"line":121,"column":54},"end":{"line":134,"column":3}}}},"branchMap":{"0":{"loc":{"start":{"line":125,"column":36},"end":{"line":125,"column":46}},"type":"cond-expr","locations":[{"start":{"line":125,"column":36},"end":{"line":125,"column":46}},{"start":{"line":125,"column":49},"end":{"line":125,"column":77}}]}},"s":{"0":2,"1":2,"2":2,"3":3,"4":3,"5":3,"6":3,"7":1,"8":1,"9":2,"10":16,"11":16,"12":16,"13":2,"14":16,"15":16,"16":13,"17":15,"18":1,"19":1,"20":1,"21":16,"22":2,"23":2,"24":3,"25":2,"26":4,"27":2,"28":1,"29":2,"30":4,"31":2,"32":7,"33":1,"34":6,"35":6,"36":13,"37":6,"38":3,"39":6,"40":11,"41":6,"42":14,"43":6,"44":14,"45":6,"46":12,"47":28,"48":12,"49":6,"50":2,"51":6,"52":2,"53":6,"54":1,"55":5,"56":5,"57":4,"58":5,"59":5,"60":2,"61":6,"62":10,"63":2,"64":5,"65":7,"66":5,"67":5,"68":2,"69":16,"70":16,"71":2,"72":2,"73":9,"74":37,"75":37,"76":2},"f":{"0":3,"1":16,"2":16,"3":13,"4":2,"5":2,"6":3,"7":4,"8":1,"9":4,"10":7,"11":13,"12":11,"13":14,"14":14,"15":12,"16":28,"17":12,"18":11,"19":6,"20":4,"21":6,"22":10,"23":5,"24":16,"25":37},"b":{"0":[28,9]}}
,"/Users/oskarhane/Development/karhu/packages/karhu/src/types.ts": {"path":"/Users/oskarhane/Development/karhu/packages/karhu/src/types.ts","statementMap":{"0":{"start":{"line":19,"column":0},"end":{"line":19,"column":null}},"1":{"start":{"line":20,"column":2},"end":{"line":20,"column":null}},"2":{"start":{"line":21,"column":2},"end":{"line":21,"column":null}},"3":{"start":{"line":22,"column":2},"end":{"line":22,"column":null}},"4":{"start":{"line":23,"column":2},"end":{"line":23,"column":null}},"5":{"start":{"line":24,"column":2},"end":{"line":24,"column":null}},"6":{"start":{"line":25,"column":2},"end":{"line":25,"column":null}}},"fnMap":{"0":{"name":"(anonymous_0)","decl":{"start":{"line":19,"column":0},"end":{"line":19,"column":12}},"loc":{"start":{"line":19,"column":22},"end":{"line":26,"column":1}}}},"branchMap":{"0":{"loc":{"start":{"line":19,"column":12},"end":{"line":19,"column":22}},"type":"binary-expr","locations":[{"start":{"line":19,"column":12},"end":{"line":19,"column":22}},{"start":{"line":19,"column":12},"end":{"line":19,"column":null}}]}},"s":{"0":2,"1":2,"2":2,"3":2,"4":2,"5":2,"6":2},"f":{"0":2},"b":{"0":[2,2]}}
,"/Users/oskarhane/Development/karhu/packages/karhu/src/utils.ts": {"path":"/Users/oskarhane/Development/karhu/packages/karhu/src/utils.ts","statementMap":{"0":{"start":{"line":1,"column":0},"end":{"line":1,"column":null}},"1":{"start":{"line":12,"column":25},"end":{"line":12,"column":55}},"2":{"start":{"line":13,"column":33},"end":{"line":56,"column":4}},"3":{"start":{"line":14,"column":41},"end":{"line":14,"column":43}},"4":{"start":{"line":15,"column":4},"end":{"line":44,"column":7}},"5":{"start":{"line":16,"column":39},"end":{"line":16,"column":52}},"6":{"start":{"line":17,"column":6},"end":{"line":42,"column":9}},"7":{"start":{"line":18,"column":19},"end":{"line":18,"column":38}},"8":{"start":{"line":20,"column":44},"end":{"line":20,"column":57}},"9":{"start":{"line":23,"column":10},"end":{"line":23,"column":39}},"10":{"start":{"line":27,"column":10},"end":{"line":27,"column":42}},"11":{"start":{"line":31,"column":10},"end":{"line":31,"column":43}},"12":{"start":{"line":35,"column":10},"end":{"line":35,"column":45}},"13":{"start":{"line":40,"column":10},"end":{"line":40,"column":35}},"14":{"start":{"line":43,"column":6},"end":{"line":43,"column":34}},"15":{"start":{"line":46,"column":29},"end":{"line":46,"column":42}},"16":{"start":{"line":47,"column":26},"end":{"line":47,"column":39}},"17":{"start":{"line":47,"column":37},"end":{"line":47,"column":39}},"18":{"start":{"line":47,"column":22},"end":{"line":47,"column":26}},"19":{"start":{"line":49,"column":8},"end":{"line":49,"column":35}},"20":{"start":{"line":50,"column":8},"end":{"line":50,"column":14}},"21":{"start":{"line":52,"column":6},"end":{"line":52,"column":36}},"22":{"start":{"line":54,"column":30},"end":{"line":54,"column":73}},"23":{"start":{"line":55,"column":4},"end":{"line":55,"column":40}},"24":{"start":{"line":57,"column":2},"end":{"line":57,"column":13}},"25":{"start":{"line":11,"column":0},"end":{"line":11,"column":16}},"26":{"start":{"line":61,"column":2},"end":{"line":64,"column":4}},"27":{"start":{"line":67,"column":2},"end":{"line":70,"column":4}},"28":{"start":{"line":73,"column":2},"end":{"line":76,"column":4}},"29":{"start":{"line":79,"column":2},"end":{"line":82,"column":4}},"30":{"start":{"line":85,"column":2},"end":{"line":88,"column":4}},"31":{"start":{"line":95,"column":2},"end":{"line":95,"column":null}},"32":{"start":{"line":97,"column":28},"end":{"line":97,"column":43}},"33":{"start":{"line":98,"column":18},"end":{"line":98,"column":52}},"34":{"start":{"line":99,"column":20},"end":{"line":99,"column":30}},"35":{"start":{"line":100,"column":2},"end":{"line":124,"column":5}},"36":{"start":{"line":102,"column":6},"end":{"line":102,"column":31}},"37":{"start":{"line":105,"column":6},"end":{"line":105,"column":36}},"38":{"start":{"line":107,"column":4},"end":{"line":107,"column":43}},"39":{"start":{"line":110,"column":8},"end":{"line":110,"column":57}},"40":{"start":{"line":112,"column":22},"end":{"line":112,"column":77}},"41":{"start":{"line":112,"column":72},"end":{"line":112,"column":77}},"42":{"start":{"line":113,"column":25},"end":{"line":113,"column":45}},"43":{"start":{"line":115,"column":10},"end":{"line":115,"column":61}},"44":{"start":{"line":117,"column":10},"end":{"line":117,"column":52}},"45":{"start":{"line":119,"column":12},"end":{"line":119,"column":72}},"46":{"start":{"line":125,"column":2},"end":{"line":125,"column":20}},"47":{"start":{"line":91,"column":0},"end":{"line":91,"column":16}},"48":{"start":{"line":129,"column":25},"end":{"line":129,"column":28}},"49":{"start":{"line":131,"column":4},"end":{"line":134,"column":7}},"50":{"start":{"line":132,"column":6},"end":{"line":132,"column":45}},"51":{"start":{"line":133,"column":6},"end":{"line":133,"column":15}},"52":{"start":{"line":137,"column":16},"end":{"line":137,"column":39}},"53":{"start":{"line":138,"column":17},"end":{"line":138,"column":18}},"54":{"start":{"line":139,"column":17},"end":{"line":139,"column":23}},"55":{"start":{"line":140,"column":6},"end":{"line":140,"column":72}},"56":{"start":{"line":143,"column":2},"end":{"line":143,"column":15}},"57":{"start":{"line":128,"column":0},"end":{"line":128,"column":16}},"58":{"start":{"line":147,"column":28},"end":{"line":147,"column":43}},"59":{"start":{"line":148,"column":32},"end":{"line":148,"column":37}},"60":{"start":{"line":149,"column":15},"end":{"line":149,"column":16}},"61":{"start":{"line":151,"column":6},"end":{"line":151,"column":16}},"62":{"start":{"line":153,"column":4},"end":{"line":153,"column":61}},"63":{"start":{"line":155,"column":26},"end":{"line":155,"column":61}},"64":{"start":{"line":156,"column":2},"end":{"line":163,"column":5}},"65":{"start":{"line":157,"column":16},"end":{"line":157,"column":34}},"66":{"start":{"line":162,"column":4},"end":{"line":162,"column":13}},"67":{"start":{"line":146,"column":0},"end":{"line":146,"column":16}},"68":{"start":{"line":166,"column":13},"end":{"line":195,"column":2}},"69":{"start":{"line":167,"column":49},"end":{"line":167,"column":51}},"70":{"start":{"line":168,"column":10},"end":{"line":168,"column":23}},"71":{"start":{"line":168,"column":25},"end":{"line":168,"column":34}},"72":{"start":{"line":169,"column":10},"end":{"line":169,"column":24}},"73":{"start":{"line":169,"column":26},"end":{"line":169,"column":34}},"74":{"start":{"line":170,"column":2},"end":{"line":178,"column":5}},"75":{"start":{"line":172,"column":6},"end":{"line":175,"column":28}},"76":{"start":{"line":177,"column":4},"end":{"line":177,"column":41}},"77":{"start":{"line":179,"column":2},"end":{"line":193,"column":20}},"78":{"start":{"line":180,"column":24},"end":{"line":180,"column":59}},"79":{"start":{"line":182,"column":6},"end":{"line":182,"column":25}},"80":{"start":{"line":184,"column":4},"end":{"line":191,"column":7}},"81":{"start":{"line":185,"column":18},"end":{"line":185,"column":33}},"82":{"start":{"line":187,"column":8},"end":{"line":187,"column":47}},"83":{"start":{"line":189,"column":8},"end":{"line":189,"column":34}},"84":{"start":{"line":192,"column":4},"end":{"line":192,"column":23}},"85":{"start":{"line":194,"column":2},"end":{"line":194,"column":23}}},"fnMap":{"0":{"name":"classifyMatches","decl":{"start":{"line":11,"column":16},"end":{"line":11,"column":31}},"loc":{"start":{"line":11,"column":66},"end":{"line":58,"column":1}}},"1":{"name":"(anonymous_6)","decl":{"start":{"line":13,"column":46},"end":{"line":13,"column":47}},"loc":{"start":{"line":13,"column":47},"end":{"line":56,"column":3}}},"2":{"name":"(anonymous_7)","decl":{"start":{"line":15,"column":27},"end":{"line":15,"column":36}},"loc":{"start":{"line":15,"column":36},"end":{"line":44,"column":5}}},"3":{"name":"(anonymous_8)","decl":{"start":{"line":17,"column":25},"end":{"line":17,"column":30}},"loc":{"start":{"line":17,"column":30},"end":{"line":42,"column":7}}},"4":{"name":"noMatch","decl":{"start":{"line":60,"column":9},"end":{"line":60,"column":16}},"loc":{"start":{"line":60,"column":27},"end":{"line":65,"column":1}}},"5":{"name":"exactMatch","decl":{"start":{"line":66,"column":9},"end":{"line":66,"column":19}},"loc":{"start":{"line":66,"column":30},"end":{"line":71,"column":1}}},"6":{"name":"startsMatch","decl":{"start":{"line":72,"column":9},"end":{"line":72,"column":20}},"loc":{"start":{"line":72,"column":31},"end":{"line":77,"column":1}}},"7":{"name":"containsMatch","decl":{"start":{"line":78,"column":9},"end":{"line":78,"column":22}},"loc":{"start":{"line":78,"column":33},"end":{"line":83,"column":1}}},"8":{"name":"customMatch","decl":{"start":{"line":84,"column":9},"end":{"line":84,"column":20}},"loc":{"start":{"line":84,"column":46},"end":{"line":89,"column":1}}},"9":{"name":"updateEntryGraph","decl":{"start":{"line":91,"column":16},"end":{"line":91,"column":32}},"loc":{"start":{"line":95,"column":23},"end":{"line":126,"column":1}}},"10":{"name":"(anonymous_15)","decl":{"start":{"line":100,"column":18},"end":{"line":100,"column":19}},"loc":{"start":{"line":100,"column":28},"end":{"line":124,"column":3}}},"11":{"name":"(anonymous_16)","decl":{"start":{"line":112,"column":47},"end":{"line":112,"column":48}},"loc":{"start":{"line":112,"column":67},"end":{"line":112,"column":73}}},"12":{"name":"normalizeEntryGraphCommandsCalls","decl":{"start":{"line":128,"column":16},"end":{"line":128,"column":48}},"loc":{"start":{"line":128,"column":66},"end":{"line":144,"column":1}}},"13":{"name":"(anonymous_18)","decl":{"start":{"line":131,"column":40},"end":{"line":131,"column":41}},"loc":{"start":{"line":131,"column":41},"end":{"line":134,"column":5}}},"14":{"name":"findCommandsInEntryGraph","decl":{"start":{"line":146,"column":16},"end":{"line":146,"column":40}},"loc":{"start":{"line":146,"column":73},"end":{"line":164,"column":1}}},"15":{"name":"(anonymous_20)","decl":{"start":{"line":156,"column":42},"end":{"line":156,"column":43}},"loc":{"start":{"line":156,"column":43},"end":{"line":163,"column":3}}},"16":{"name":"(anonymous_21)","decl":{"start":{"line":166,"column":38},"end":{"line":166,"column":39}},"loc":{"start":{"line":166,"column":56},"end":{"line":195,"column":1}}},"17":{"name":"(anonymous_22)","decl":{"start":{"line":170,"column":19},"end":{"line":170,"column":20}},"loc":{"start":{"line":170,"column":39},"end":{"line":178,"column":3}}},"18":{"name":"(anonymous_23)","decl":{"start":{"line":179,"column":44},"end":{"line":179,"column":45}},"loc":{"start":{"line":179,"column":70},"end":{"line":193,"column":3}}},"19":{"name":"(anonymous_24)","decl":{"start":{"line":184,"column":37},"end":{"line":184,"column":39}},"loc":{"start":{"line":184,"column":39},"end":{"line":191,"column":5}}}},"branchMap":{"0":{"loc":{"start":{"line":95,"column":2},"end":{"line":95,"column":null}},"type":"if","locations":[{"start":{"line":95,"column":2},"end":{"line":95,"column":null}},{"start":{"line":95,"column":2},"end":{"line":95,"column":null}}]},"1":{"loc":{"start":{"line":118,"column":14},"end":{"line":118,"column":27}},"type":"binary-expr","locations":[{"start":{"line":118,"column":14},"end":{"line":118,"column":27}},{"start":{"line":118,"column":31},"end":{"line":118,"column":80}}]},"2":{"loc":{"start":{"line":150,"column":8},"end":{"line":150,"column":25}},"type":"binary-expr","locations":[{"start":{"line":150,"column":8},"end":{"line":150,"column":25}},{"start":{"line":150,"column":29},"end":{"line":150,"column":58}}]},"3":{"loc":{"start":{"line":168,"column":10},"end":{"line":168,"column":23}},"type":"cond-expr","locations":[{"start":{"line":168,"column":10},"end":{"line":168,"column":23}},{"start":{"line":168,"column":10},"end":{"line":168,"column":23}}]},"4":{"loc":{"start":{"line":168,"column":25},"end":{"line":168,"column":34}},"type":"cond-expr","locations":[{"start":{"line":168,"column":25},"end":{"line":168,"column":34}},{"start":{"line":168,"column":25},"end":{"line":168,"column":34}}]},"5":{"loc":{"start":{"line":181,"column":8},"end":{"line":181,"column":20}},"type":"binary-expr","locations":[{"start":{"line":181,"column":8},"end":{"line":181,"column":20}},{"start":{"line":181,"column":24},"end":{"line":181,"column":56}}]}},"s":{"0":2,"1":9,"2":9,"3":21,"4":21,"5":27,"6":27,"7":52,"8":52,"9":1,"10":3,"11":10,"12":11,"13":24,"14":27,"15":21,"16":21,"17":21,"18":27,"19":5,"20":5,"21":22,"22":21,"23":21,"24":9,"25":2,"26":80,"27":3,"28":10,"29":11,"30":21,"31":18,"32":12,"33":12,"34":12,"35":12,"36":21,"37":22,"38":37,"39":7,"40":5,"41":5,"42":5,"43":1,"44":4,"45":1,"46":12,"47":2,"48":2,"49":2,"50":3,"51":3,"52":1,"53":1,"54":1,"55":1,"56":2,"57":2,"58":10,"59":10,"60":10,"61":4,"62":17,"63":6,"64":6,"65":7,"66":7,"67":2,"68":2,"69":15,"70":30,"71":30,"72":15,"73":15,"74":15,"75":15,"76":15,"77":15,"78":8,"79":2,"80":6,"81":12,"82":6,"83":6,"84":6,"85":15},"f":{"0":9,"1":21,"2":27,"3":52,"4":80,"5":3,"6":10,"7":11,"8":21,"9":12,"10":37,"11":5,"12":2,"13":3,"14":10,"15":7,"16":15,"17":15,"18":8,"19":12},"b":{"0":[6,6],"1":[4,3],"2":[21,17],"3":[6,9],"4":[7,8],"5":[8,8]}}
}
