TN:
SF:/Users/oskarhane/Development/karhu/packages/karhu/src/index.ts
FN:18,Karhu
FN:28,(anonymous_6)
FN:34,(anonymous_7)
FN:36,(anonymous_8)
FN:40,(anonymous_9)
FN:50,(anonymous_10)
FN:51,(anonymous_11)
FN:54,(anonymous_12)
FN:58,(anonymous_13)
FN:62,(anonymous_14)
FN:66,(anonymous_15)
FN:72,(anonymous_16)
FN:79,(anonymous_17)
FN:80,(anonymous_18)
FN:81,(anonymous_19)
FN:82,(anonymous_20)
FN:82,(anonymous_21)
FN:82,(anonymous_22)
FN:83,(anonymous_23)
FN:91,(anonymous_24)
FN:97,(anonymous_25)
FN:102,(anonymous_26)
FN:103,(anonymous_27)
FN:106,(anonymous_28)
FN:116,(anonymous_29)
FN:121,(anonymous_30)
FNF:26
FNH:26
FNDA:3,Karhu
FNDA:16,(anonymous_6)
FNDA:16,(anonymous_7)
FNDA:13,(anonymous_8)
FNDA:2,(anonymous_9)
FNDA:2,(anonymous_10)
FNDA:3,(anonymous_11)
FNDA:4,(anonymous_12)
FNDA:1,(anonymous_13)
FNDA:4,(anonymous_14)
FNDA:7,(anonymous_15)
FNDA:13,(anonymous_16)
FNDA:11,(anonymous_17)
FNDA:14,(anonymous_18)
FNDA:14,(anonymous_19)
FNDA:12,(anonymous_20)
FNDA:28,(anonymous_21)
FNDA:12,(anonymous_22)
FNDA:11,(anonymous_23)
FNDA:6,(anonymous_24)
FNDA:4,(anonymous_25)
FNDA:6,(anonymous_26)
FNDA:10,(anonymous_27)
FNDA:5,(anonymous_28)
FNDA:16,(anonymous_29)
FNDA:37,(anonymous_30)
DA:1,2
DA:10,2
DA:12,2
DA:13,2
DA:14,3
DA:15,3
DA:16,3
DA:19,3
DA:21,1
DA:24,1
DA:28,2
DA:29,16
DA:30,16
DA:31,16
DA:34,2
DA:35,16
DA:36,16
DA:38,15
DA:40,1
DA:42,1
DA:44,1
DA:47,16
DA:50,2
DA:51,3
DA:54,2
DA:55,4
DA:58,2
DA:59,1
DA:62,2
DA:63,4
DA:66,7
DA:68,1
DA:70,6
DA:72,13
DA:74,6
DA:76,3
DA:79,11
DA:80,14
DA:81,14
DA:82,28
DA:83,6
DA:85,2
DA:88,6
DA:91,2
DA:92,6
DA:94,1
DA:96,5
DA:97,5
DA:98,5
DA:99,5
DA:102,2
DA:103,10
DA:106,2
DA:107,5
DA:108,7
DA:110,5
DA:111,5
DA:116,2
DA:117,16
DA:118,16
DA:121,2
DA:123,9
DA:125,37
DA:129,37
DA:135,2
LF:65
LH:65
BRDA:125,0,0,28
BRDA:125,0,1,9
BRF:2
BRH:2
end_of_record
TN:
SF:/Users/oskarhane/Development/karhu/packages/karhu/src/types.ts
FN:19,(anonymous_0)
FNF:1
FNH:1
FNDA:2,(anonymous_0)
DA:19,2
DA:20,2
DA:21,2
DA:22,2
DA:23,2
DA:24,2
DA:25,2
LF:7
LH:7
BRDA:19,0,0,2
BRDA:19,0,1,2
BRF:2
BRH:2
end_of_record
TN:
SF:/Users/oskarhane/Development/karhu/packages/karhu/src/utils.ts
FN:11,classifyMatches
FN:13,(anonymous_6)
FN:15,(anonymous_7)
FN:17,(anonymous_8)
FN:60,noMatch
FN:66,exactMatch
FN:72,startsMatch
FN:78,containsMatch
FN:84,customMatch
FN:91,updateEntryGraph
FN:100,(anonymous_15)
FN:112,(anonymous_16)
FN:128,normalizeEntryGraphCommandsCalls
FN:131,(anonymous_18)
FN:146,findCommandsInEntryGraph
FN:156,(anonymous_20)
FN:166,(anonymous_21)
FN:170,(anonymous_22)
FN:179,(anonymous_23)
FN:184,(anonymous_24)
FNF:20
FNH:20
FNDA:9,classifyMatches
FNDA:21,(anonymous_6)
FNDA:27,(anonymous_7)
FNDA:52,(anonymous_8)
FNDA:80,noMatch
FNDA:3,exactMatch
FNDA:10,startsMatch
FNDA:11,containsMatch
FNDA:21,customMatch
FNDA:12,updateEntryGraph
FNDA:37,(anonymous_15)
FNDA:5,(anonymous_16)
FNDA:2,normalizeEntryGraphCommandsCalls
FNDA:3,(anonymous_18)
FNDA:10,findCommandsInEntryGraph
FNDA:7,(anonymous_20)
FNDA:15,(anonymous_21)
FNDA:15,(anonymous_22)
FNDA:8,(anonymous_23)
FNDA:12,(anonymous_24)
DA:1,2
DA:11,2
DA:12,9
DA:13,9
DA:14,21
DA:15,21
DA:16,27
DA:17,27
DA:18,52
DA:20,52
DA:23,1
DA:27,3
DA:31,10
DA:35,11
DA:40,24
DA:43,27
DA:46,21
DA:47,27
DA:49,5
DA:50,5
DA:52,22
DA:54,21
DA:55,21
DA:57,9
DA:61,80
DA:67,3
DA:73,10
DA:79,11
DA:85,21
DA:91,2
DA:95,18
DA:97,12
DA:98,12
DA:99,12
DA:100,12
DA:102,21
DA:105,22
DA:107,37
DA:110,7
DA:112,5
DA:113,5
DA:115,1
DA:117,4
DA:119,1
DA:125,12
DA:128,2
DA:129,2
DA:131,2
DA:132,3
DA:133,3
DA:137,1
DA:138,1
DA:139,1
DA:140,1
DA:143,2
DA:146,2
DA:147,10
DA:148,10
DA:149,10
DA:151,4
DA:153,17
DA:155,6
DA:156,6
DA:157,7
DA:162,7
DA:166,2
DA:167,15
DA:168,30
DA:169,15
DA:170,15
DA:172,15
DA:177,15
DA:179,15
DA:180,8
DA:182,2
DA:184,6
DA:185,12
DA:187,6
DA:189,6
DA:192,6
DA:194,15
LF:81
LH:81
BRDA:95,0,0,6
BRDA:95,0,1,6
BRDA:118,1,0,4
BRDA:118,1,1,3
BRDA:150,2,0,21
BRDA:150,2,1,17
BRDA:168,3,0,6
BRDA:168,3,1,9
BRDA:168,4,0,7
BRDA:168,4,1,8
BRDA:181,5,0,8
BRDA:181,5,1,8
BRF:12
BRH:12
end_of_record
