{"/Users/oskarhane/Development/karhu/packages/ui/src/ListSelector.tsx": {"path":"/Users/oskarhane/Development/karhu/packages/ui/src/ListSelector.tsx","statementMap":{"0":{"start":{"line":1,"column":0},"end":{"line":1,"column":26}},"1":{"start":{"line":20,"column":0},"end":{"line":20,"column":71}},"2":{"start":{"line":20,"column":42},"end":{"line":20,"column":47}},"3":{"start":{"line":20,"column":0},"end":{"line":20,"column":42}},"4":{"start":{"line":21,"column":2},"end":{"line":24,"column":4}},"5":{"start":{"line":67,"column":2},"end":{"line":103,"column":4}},"6":{"start":{"line":68,"column":12},"end":{"line":68,"column":19}},"7":{"start":{"line":71,"column":6},"end":{"line":71,"column":25}},"8":{"start":{"line":72,"column":35},"end":{"line":72,"column":69}},"9":{"start":{"line":72,"column":64},"end":{"line":72,"column":69}},"10":{"start":{"line":73,"column":35},"end":{"line":73,"column":85}},"11":{"start":{"line":74,"column":38},"end":{"line":74,"column":51}},"12":{"start":{"line":78,"column":8},"end":{"line":78,"column":62}},"13":{"start":{"line":81,"column":8},"end":{"line":81,"column":42}},"14":{"start":{"line":84,"column":8},"end":{"line":84,"column":57}},"15":{"start":{"line":87,"column":8},"end":{"line":87,"column":57}},"16":{"start":{"line":90,"column":8},"end":{"line":90,"column":42}},"17":{"start":{"line":92,"column":6},"end":{"line":92,"column":84}},"18":{"start":{"line":93,"column":6},"end":{"line":93,"column":13}},"19":{"start":{"line":97,"column":6},"end":{"line":97,"column":25}},"20":{"start":{"line":99,"column":8},"end":{"line":99,"column":15}},"21":{"start":{"line":101,"column":6},"end":{"line":101,"column":56}},"22":{"start":{"line":104,"column":2},"end":{"line":106,"column":4}},"23":{"start":{"line":105,"column":4},"end":{"line":105,"column":67}},"24":{"start":{"line":25,"column":2},"end":{"line":28,"column":null}},"25":{"start":{"line":26,"column":4},"end":{"line":26,"column":31}},"26":{"start":{"line":27,"column":4},"end":{"line":27,"column":60}},"27":{"start":{"line":29,"column":2},"end":{"line":31,"column":null}},"28":{"start":{"line":30,"column":4},"end":{"line":30,"column":63}},"29":{"start":{"line":32,"column":2},"end":{"line":34,"column":null}},"30":{"start":{"line":33,"column":4},"end":{"line":33,"column":31}},"31":{"start":{"line":35,"column":2},"end":{"line":66,"column":null}},"32":{"start":{"line":41,"column":8},"end":{"line":41,"column":53}},"33":{"start":{"line":43,"column":6},"end":{"line":43,"column":13}},"34":{"start":{"line":47,"column":6},"end":{"line":47,"column":50}},"35":{"start":{"line":48,"column":6},"end":{"line":48,"column":13}},"36":{"start":{"line":52,"column":6},"end":{"line":52,"column":66}},"37":{"start":{"line":53,"column":6},"end":{"line":53,"column":13}},"38":{"start":{"line":58,"column":6},"end":{"line":58,"column":66}},"39":{"start":{"line":59,"column":6},"end":{"line":59,"column":13}},"40":{"start":{"line":63,"column":37},"end":{"line":63,"column":42}},"41":{"start":{"line":64,"column":6},"end":{"line":64,"column":50}},"42":{"start":{"line":107,"column":2},"end":{"line":116,"column":null}},"43":{"start":{"line":107,"column":2},"end":{"line":107,"column":8}},"44":{"start":{"line":108,"column":12},"end":{"line":108,"column":18}},"45":{"start":{"line":109,"column":28},"end":{"line":109,"column":52}},"46":{"start":{"line":110,"column":21},"end":{"line":110,"column":48}},"47":{"start":{"line":110,"column":44},"end":{"line":110,"column":77}},"48":{"start":{"line":111,"column":4},"end":{"line":115,"column":7}},"49":{"start":{"line":117,"column":0},"end":{"line":117,"column":null}}},"fnMap":{"0":{"name":"(anonymous_7)","decl":{"start":{"line":20,"column":0},"end":{"line":20,"column":42}},"loc":{"start":{"line":20,"column":0},"end":{"line":117,"column":null}}},"1":{"name":"(anonymous_9)","decl":{"start":{"line":67,"column":19},"end":{"line":67,"column":20}},"loc":{"start":{"line":67,"column":26},"end":{"line":103,"column":3}}},"2":{"name":"(anonymous_10)","decl":{"start":{"line":72,"column":59},"end":{"line":72,"column":60}},"loc":{"start":{"line":72,"column":60},"end":{"line":72,"column":65}}},"3":{"name":"(anonymous_11)","decl":{"start":{"line":104,"column":21},"end":{"line":104,"column":22}},"loc":{"start":{"line":104,"column":32},"end":{"line":106,"column":3}}},"4":{"name":"(anonymous_12)","decl":{"start":{"line":25,"column":2},"end":{"line":25,"column":19}},"loc":{"start":{"line":25,"column":2},"end":{"line":28,"column":3}}},"5":{"name":"(anonymous_13)","decl":{"start":{"line":29,"column":2},"end":{"line":29,"column":22}},"loc":{"start":{"line":29,"column":2},"end":{"line":31,"column":3}}},"6":{"name":"(anonymous_14)","decl":{"start":{"line":32,"column":2},"end":{"line":32,"column":20}},"loc":{"start":{"line":32,"column":2},"end":{"line":34,"column":3}}},"7":{"name":"(anonymous_15)","decl":{"start":{"line":35,"column":2},"end":{"line":35,"column":21}},"loc":{"start":{"line":35,"column":2},"end":{"line":66,"column":3}}},"8":{"name":"(anonymous_16)","decl":{"start":{"line":63,"column":32},"end":{"line":63,"column":33}},"loc":{"start":{"line":63,"column":33},"end":{"line":63,"column":38}}},"9":{"name":"(anonymous_17)","decl":{"start":{"line":107,"column":2},"end":{"line":107,"column":8}},"loc":{"start":{"line":107,"column":2},"end":{"line":116,"column":3}}},"10":{"name":"(anonymous_18)","decl":{"start":{"line":110,"column":21},"end":{"line":110,"column":22}},"loc":{"start":{"line":110,"column":39},"end":{"line":110,"column":48}}}},"branchMap":{"0":{"loc":{"start":{"line":20,"column":0},"end":{"line":20,"column":42}},"type":"binary-expr","locations":[{"start":{"line":20,"column":0},"end":{"line":20,"column":42}},{"start":{"line":20,"column":0},"end":{"line":20,"column":42}},{"start":{"line":20,"column":0},"end":{"line":20,"column":42}}]},"1":{"loc":{"start":{"line":73,"column":54},"end":{"line":73,"column":78}},"type":"binary-expr","locations":[{"start":{"line":73,"column":54},"end":{"line":73,"column":78}},{"start":{"line":73,"column":82},"end":{"line":73,"column":84}}]},"2":{"loc":{"start":{"line":76,"column":10},"end":{"line":76,"column":27}},"type":"binary-expr","locations":[{"start":{"line":76,"column":10},"end":{"line":76,"column":27}},{"start":{"line":76,"column":31},"end":{"line":76,"column":45}}]},"3":{"loc":{"start":{"line":79,"column":17},"end":{"line":79,"column":33}},"type":"binary-expr","locations":[{"start":{"line":79,"column":17},"end":{"line":79,"column":33}},{"start":{"line":79,"column":37},"end":{"line":79,"column":51}}]},"4":{"loc":{"start":{"line":82,"column":17},"end":{"line":82,"column":33}},"type":"binary-expr","locations":[{"start":{"line":82,"column":17},"end":{"line":82,"column":33}},{"start":{"line":82,"column":37},"end":{"line":82,"column":51}}]},"5":{"loc":{"start":{"line":85,"column":17},"end":{"line":85,"column":53}},"type":"binary-expr","locations":[{"start":{"line":85,"column":17},"end":{"line":85,"column":53}},{"start":{"line":85,"column":57},"end":{"line":85,"column":71}}]},"6":{"loc":{"start":{"line":88,"column":17},"end":{"line":88,"column":54}},"type":"binary-expr","locations":[{"start":{"line":88,"column":17},"end":{"line":88,"column":54}},{"start":{"line":88,"column":58},"end":{"line":88,"column":72}}]},"7":{"loc":{"start":{"line":101,"column":24},"end":{"line":101,"column":48}},"type":"binary-expr","locations":[{"start":{"line":101,"column":24},"end":{"line":101,"column":48}},{"start":{"line":101,"column":52},"end":{"line":101,"column":54}}]},"8":{"loc":{"start":{"line":38,"column":8},"end":{"line":38,"column":35}},"type":"binary-expr","locations":[{"start":{"line":38,"column":8},"end":{"line":38,"column":35}},{"start":{"line":38,"column":39},"end":{"line":38,"column":77}}]},"9":{"loc":{"start":{"line":57,"column":8},"end":{"line":57,"column":47}},"type":"binary-expr","locations":[{"start":{"line":57,"column":8},"end":{"line":57,"column":47}},{"start":{"line":57,"column":51},"end":{"line":57,"column":105}}]},"10":{"loc":{"start":{"line":63,"column":51},"end":{"line":63,"column":75}},"type":"binary-expr","locations":[{"start":{"line":63,"column":51},"end":{"line":63,"column":75}},{"start":{"line":63,"column":79},"end":{"line":63,"column":81}}]}},"s":{"0":4,"1":4,"2":4,"3":2,"4":2,"5":2,"6":3,"7":2,"8":2,"9":6,"10":2,"11":2,"12":1,"13":0,"14":1,"15":0,"16":0,"17":2,"18":2,"19":1,"20":0,"21":1,"22":2,"23":0,"24":4,"25":2,"26":2,"27":4,"28":1,"29":4,"30":4,"31":4,"32":0,"33":1,"34":0,"35":0,"36":1,"37":1,"38":0,"39":0,"40":12,"41":0,"42":4,"43":6,"44":6,"45":6,"46":6,"47":0,"48":6,"49":4},"f":{"0":6,"1":3,"2":6,"3":0,"4":2,"5":1,"6":4,"7":6,"8":12,"9":6,"10":0},"b":{"0":[2,2,2],"1":[2,0],"2":[2,1],"3":[1,0],"4":[1,1],"5":[0,0],"6":[0,0],"7":[1,0],"8":[6,1],"9":[4,1],"10":[4,0]}}
,"/Users/oskarhane/Development/karhu/packages/ui/src/Portal.tsx": {"path":"/Users/oskarhane/Development/karhu/packages/ui/src/Portal.tsx","statementMap":{"0":{"start":{"line":1,"column":0},"end":{"line":1,"column":26}},"1":{"start":{"line":2,"column":0},"end":{"line":2,"column":33}},"2":{"start":{"line":9,"column":0},"end":{"line":9,"column":58}},"3":{"start":{"line":9,"column":36},"end":{"line":9,"column":41}},"4":{"start":{"line":10,"column":2},"end":{"line":15,"column":null}},"5":{"start":{"line":12,"column":6},"end":{"line":12,"column":33}},"6":{"start":{"line":14,"column":4},"end":{"line":14,"column":74}},"7":{"start":{"line":16,"column":0},"end":{"line":16,"column":null}}},"fnMap":{"0":{"name":"(anonymous_7)","decl":{"start":{"line":9,"column":0},"end":{"line":9,"column":36}},"loc":{"start":{"line":9,"column":0},"end":{"line":16,"column":null}}},"1":{"name":"(anonymous_9)","decl":{"start":{"line":10,"column":2},"end":{"line":10,"column":8}},"loc":{"start":{"line":10,"column":2},"end":{"line":15,"column":3}}}},"branchMap":{},"s":{"0":3,"1":3,"2":3,"3":3,"4":3,"5":0,"6":1,"7":3},"f":{"0":4,"1":1},"b":{}}
,"/Users/oskarhane/Development/karhu/packages/ui/src/UIToggler.tsx": {"path":"/Users/oskarhane/Development/karhu/packages/ui/src/UIToggler.tsx","statementMap":{"0":{"start":{"line":1,"column":0},"end":{"line":1,"column":63}},"1":{"start":{"line":4,"column":13},"end":{"line":4,"column":43}},"2":{"start":{"line":5,"column":13},"end":{"line":5,"column":45}},"3":{"start":{"line":6,"column":13},"end":{"line":6,"column":53}},"4":{"start":{"line":27,"column":23},"end":{"line":27,"column":68}},"5":{"start":{"line":28,"column":2},"end":{"line":34,"column":4}},"6":{"start":{"line":31,"column":6},"end":{"line":31,"column":37}},"7":{"start":{"line":35,"column":2},"end":{"line":45,"column":4}},"8":{"start":{"line":38,"column":29},"end":{"line":38,"column":48}},"9":{"start":{"line":38,"column":36},"end":{"line":38,"column":62}},"10":{"start":{"line":39,"column":6},"end":{"line":39,"column":52}},"11":{"start":{"line":40,"column":6},"end":{"line":42,"column":8}},"12":{"start":{"line":41,"column":8},"end":{"line":41,"column":57}},"13":{"start":{"line":49,"column":8},"end":{"line":49,"column":9}},"14":{"start":{"line":49,"column":9},"end":{"line":49,"column":13}},"15":{"start":{"line":49,"column":15},"end":{"line":49,"column":41}},"16":{"start":{"line":50,"column":14},"end":{"line":50,"column":39}},"17":{"start":{"line":52,"column":2},"end":{"line":52,"column":46}},"18":{"start":{"line":53,"column":2},"end":{"line":53,"column":48}},"19":{"start":{"line":57,"column":6},"end":{"line":57,"column":13}},"20":{"start":{"line":59,"column":19},"end":{"line":59,"column":27}},"21":{"start":{"line":61,"column":6},"end":{"line":61,"column":27}},"22":{"start":{"line":62,"column":6},"end":{"line":62,"column":13}},"23":{"start":{"line":67,"column":12},"end":{"line":67,"column":19}},"24":{"start":{"line":67,"column":21},"end":{"line":67,"column":28}},"25":{"start":{"line":67,"column":30},"end":{"line":67,"column":36}},"26":{"start":{"line":67,"column":38},"end":{"line":67,"column":45}},"27":{"start":{"line":70,"column":6},"end":{"line":70,"column":25}},"28":{"start":{"line":71,"column":6},"end":{"line":71,"column":26}},"29":{"start":{"line":72,"column":6},"end":{"line":72,"column":13}},"30":{"start":{"line":76,"column":6},"end":{"line":76,"column":13}},"31":{"start":{"line":79,"column":6},"end":{"line":79,"column":25}},"32":{"start":{"line":80,"column":6},"end":{"line":80,"column":20}},"33":{"start":{"line":81,"column":6},"end":{"line":81,"column":13}},"34":{"start":{"line":87,"column":6},"end":{"line":87,"column":21}},"35":{"start":{"line":90,"column":2},"end":{"line":90,"column":73}},"36":{"start":{"line":90,"column":31},"end":{"line":90,"column":57}},"37":{"start":{"line":94,"column":35},"end":{"line":94,"column":52}},"38":{"start":{"line":95,"column":2},"end":{"line":95,"column":52}},"39":{"start":{"line":93,"column":0},"end":{"line":93,"column":24}}},"fnMap":{"0":{"name":"useEventListener","decl":{"start":{"line":25,"column":9},"end":{"line":25,"column":25}},"loc":{"start":{"line":25,"column":84},"end":{"line":46,"column":1}}},"1":{"name":"(anonymous_2)","decl":{"start":{"line":29,"column":4},"end":{"line":29,"column":null}},"loc":{"start":{"line":29,"column":4},"end":{"line":32,"column":5}}},"2":{"name":"(anonymous_3)","decl":{"start":{"line":36,"column":4},"end":{"line":36,"column":null}},"loc":{"start":{"line":36,"column":4},"end":{"line":43,"column":5}}},"3":{"name":"(anonymous_4)","decl":{"start":{"line":38,"column":29},"end":{"line":38,"column":32}},"loc":{"start":{"line":38,"column":32},"end":{"line":38,"column":48}}},"4":{"name":"cleanup","decl":{"start":{"line":40,"column":22},"end":{"line":40,"column":29}},"loc":{"start":{"line":40,"column":29},"end":{"line":42,"column":7}}},"5":{"name":"useToggler","decl":{"start":{"line":48,"column":9},"end":{"line":48,"column":19}},"loc":{"start":{"line":48,"column":32},"end":{"line":91,"column":1}}},"6":{"name":"handleOutsideClick","decl":{"start":{"line":55,"column":11},"end":{"line":55,"column":29}},"loc":{"start":{"line":55,"column":36},"end":{"line":64,"column":3}}},"7":{"name":"handleKeyPress","decl":{"start":{"line":66,"column":11},"end":{"line":66,"column":25}},"loc":{"start":{"line":66,"column":32},"end":{"line":83,"column":3}}},"8":{"name":"close","decl":{"start":{"line":85,"column":11},"end":{"line":85,"column":16}},"loc":{"start":{"line":85,"column":33},"end":{"line":89,"column":3}}},"9":{"name":"(anonymous_10)","decl":{"start":{"line":90,"column":25},"end":{"line":90,"column":31}},"loc":{"start":{"line":90,"column":25},"end":{"line":90,"column":36}}},"10":{"name":"Toggler","decl":{"start":{"line":93,"column":24},"end":{"line":93,"column":31}},"loc":{"start":{"line":93,"column":44},"end":{"line":96,"column":1}}}},"branchMap":{"0":{"loc":{"start":{"line":56,"column":8},"end":{"line":56,"column":13}},"type":"binary-expr","locations":[{"start":{"line":56,"column":8},"end":{"line":56,"column":13}},{"start":{"line":56,"column":17},"end":{"line":56,"column":21}},{"start":{"line":56,"column":25},"end":{"line":56,"column":37}}]},"1":{"loc":{"start":{"line":60,"column":8},"end":{"line":60,"column":30}},"type":"binary-expr","locations":[{"start":{"line":60,"column":8},"end":{"line":60,"column":30}},{"start":{"line":60,"column":34},"end":{"line":60,"column":63}}]},"2":{"loc":{"start":{"line":69,"column":8},"end":{"line":69,"column":12}},"type":"binary-expr","locations":[{"start":{"line":69,"column":8},"end":{"line":69,"column":12}},{"start":{"line":69,"column":16},"end":{"line":69,"column":30}}]},"3":{"loc":{"start":{"line":75,"column":8},"end":{"line":75,"column":16}},"type":"binary-expr","locations":[{"start":{"line":75,"column":8},"end":{"line":75,"column":16}},{"start":{"line":75,"column":20},"end":{"line":75,"column":28}},{"start":{"line":75,"column":32},"end":{"line":75,"column":39}}]},"4":{"loc":{"start":{"line":78,"column":8},"end":{"line":78,"column":13}},"type":"binary-expr","locations":[{"start":{"line":78,"column":8},"end":{"line":78,"column":13}},{"start":{"line":78,"column":17},"end":{"line":78,"column":36}}]},"5":{"loc":{"start":{"line":86,"column":8},"end":{"line":86,"column":26}},"type":"binary-expr","locations":[{"start":{"line":86,"column":8},"end":{"line":86,"column":26}},{"start":{"line":86,"column":30},"end":{"line":86,"column":53}}]},"6":{"loc":{"start":{"line":95,"column":17},"end":{"line":95,"column":21}},"type":"cond-expr","locations":[{"start":{"line":95,"column":17},"end":{"line":95,"column":21}},{"start":{"line":95,"column":24},"end":{"line":95,"column":51}}]}},"s":{"0":3,"1":3,"2":3,"3":3,"4":20,"5":20,"6":20,"7":20,"8":6,"9":6,"10":6,"11":6,"12":6,"13":10,"14":10,"15":10,"16":10,"17":10,"18":10,"19":0,"20":2,"21":1,"22":1,"23":4,"24":4,"25":4,"26":4,"27":1,"28":1,"29":1,"30":0,"31":3,"32":3,"33":3,"34":3,"35":10,"36":1,"37":10,"38":10,"39":3},"f":{"0":20,"1":20,"2":6,"3":6,"4":6,"5":10,"6":2,"7":4,"8":3,"9":1,"10":10},"b":{"0":[2,2,2],"1":[2,1],"2":[4,1],"3":[3,0,0],"4":[3,3],"5":[3,3],"6":[0,10]}}
,"/Users/oskarhane/Development/karhu/packages/ui/src/index.tsx": {"path":"/Users/oskarhane/Development/karhu/packages/ui/src/index.tsx","statementMap":{"0":{"start":{"line":1,"column":0},"end":{"line":1,"column":7}},"1":{"start":{"line":5,"column":9},"end":{"line":1,"column":47}},"2":{"start":{"line":2,"column":0},"end":{"line":2,"column":7}},"3":{"start":{"line":5,"column":25},"end":{"line":2,"column":30}},"4":{"start":{"line":3,"column":0},"end":{"line":3,"column":7}},"5":{"start":{"line":5,"column":33},"end":{"line":3,"column":36}}},"fnMap":{},"branchMap":{},"s":{"0":3,"1":3,"2":3,"3":3,"4":3,"5":3},"f":{},"b":{}}
,"/Users/oskarhane/Development/karhu/packages/ui/src/dirty-polarbear/CommandList.tsx": {"path":"/Users/oskarhane/Development/karhu/packages/ui/src/dirty-polarbear/CommandList.tsx","statementMap":{"0":{"start":{"line":1,"column":0},"end":{"line":1,"column":26}},"1":{"start":{"line":3,"column":0},"end":{"line":3,"column":77}},"2":{"start":{"line":4,"column":0},"end":{"line":4,"column":43}},"3":{"start":{"line":15,"column":0},"end":{"line":15,"column":70}},"4":{"start":{"line":15,"column":41},"end":{"line":15,"column":46}},"5":{"start":{"line":16,"column":2},"end":{"line":40,"column":null}},"6":{"start":{"line":17,"column":10},"end":{"line":17,"column":12}},"7":{"start":{"line":17,"column":12},"end":{"line":17,"column":20}},"8":{"start":{"line":17,"column":22},"end":{"line":17,"column":43}},"9":{"start":{"line":18,"column":4},"end":{"line":39,"column":6}},"10":{"start":{"line":21,"column":14},"end":{"line":21,"column":22}},"11":{"start":{"line":21,"column":24},"end":{"line":21,"column":39}},"12":{"start":{"line":21,"column":41},"end":{"line":21,"column":47}},"13":{"start":{"line":22,"column":12},"end":{"line":35,"column":14}},"14":{"start":{"line":24,"column":46},"end":{"line":33,"column":18}},"15":{"start":{"line":27,"column":40},"end":{"line":27,"column":null}},"16":{"start":{"line":28,"column":35},"end":{"line":28,"column":null}},"17":{"start":{"line":41,"column":0},"end":{"line":41,"column":null}}},"fnMap":{"0":{"name":"(anonymous_7)","decl":{"start":{"line":15,"column":0},"end":{"line":15,"column":41}},"loc":{"start":{"line":15,"column":0},"end":{"line":41,"column":null}}},"1":{"name":"(anonymous_9)","decl":{"start":{"line":16,"column":2},"end":{"line":16,"column":8}},"loc":{"start":{"line":16,"column":2},"end":{"line":40,"column":3}}},"2":{"name":"(anonymous_10)","decl":{"start":{"line":21,"column":11},"end":{"line":21,"column":12}},"loc":{"start":{"line":21,"column":49},"end":{"line":36,"column":11}}},"3":{"name":"(anonymous_11)","decl":{"start":{"line":24,"column":30},"end":{"line":24,"column":31}},"loc":{"start":{"line":24,"column":41},"end":{"line":24,"column":null}}},"4":{"name":"(anonymous_12)","decl":{"start":{"line":27,"column":34},"end":{"line":27,"column":40}},"loc":{"start":{"line":27,"column":34},"end":{"line":27,"column":48}}},"5":{"name":"(anonymous_13)","decl":{"start":{"line":28,"column":29},"end":{"line":28,"column":35}},"loc":{"start":{"line":28,"column":29},"end":{"line":28,"column":41}}}},"branchMap":{},"s":{"0":3,"1":3,"2":3,"3":3,"4":3,"5":3,"6":1,"7":1,"8":1,"9":1,"10":1,"11":1,"12":1,"13":1,"14":0,"15":0,"16":0,"17":3},"f":{"0":4,"1":1,"2":1,"3":0,"4":0,"5":0},"b":{}}
,"/Users/oskarhane/Development/karhu/packages/ui/src/dirty-polarbear/index.tsx": {"path":"/Users/oskarhane/Development/karhu/packages/ui/src/dirty-polarbear/index.tsx","statementMap":{"0":{"start":{"line":1,"column":0},"end":{"line":1,"column":78}},"1":{"start":{"line":2,"column":0},"end":{"line":2,"column":40}},"2":{"start":{"line":3,"column":0},"end":{"line":3,"column":40}},"3":{"start":{"line":4,"column":0},"end":{"line":4,"column":50}},"4":{"start":{"line":13,"column":19},"end":{"line":13,"column":49}},"5":{"start":{"line":14,"column":2},"end":{"line":19,"column":9}},"6":{"start":{"line":16,"column":6},"end":{"line":16,"column":32}},"7":{"start":{"line":17,"column":6},"end":{"line":17,"column":31}},"8":{"start":{"line":20,"column":2},"end":{"line":20,"column":96}},"9":{"start":{"line":30,"column":8},"end":{"line":30,"column":9}},"10":{"start":{"line":30,"column":9},"end":{"line":30,"column":14}},"11":{"start":{"line":30,"column":16},"end":{"line":30,"column":40}},"12":{"start":{"line":31,"column":8},"end":{"line":31,"column":10}},"13":{"start":{"line":31,"column":10},"end":{"line":31,"column":22}},"14":{"start":{"line":31,"column":24},"end":{"line":31,"column":48}},"15":{"start":{"line":33,"column":22},"end":{"line":36,"column":3}},"16":{"start":{"line":34,"column":18},"end":{"line":34,"column":32}},"17":{"start":{"line":35,"column":4},"end":{"line":35,"column":20}},"18":{"start":{"line":37,"column":17},"end":{"line":42,"column":3}},"19":{"start":{"line":38,"column":35},"end":{"line":38,"column":43}},"20":{"start":{"line":40,"column":6},"end":{"line":40,"column":31}},"21":{"start":{"line":44,"column":4},"end":{"line":44,"column":16}},"22":{"start":{"line":46,"column":2},"end":{"line":53,"column":4}},"23":{"start":{"line":56,"column":0},"end":{"line":56,"column":30}}},"fnMap":{"0":{"name":"Input","decl":{"start":{"line":12,"column":9},"end":{"line":12,"column":14}},"loc":{"start":{"line":12,"column":32},"end":{"line":21,"column":1}}},"1":{"name":"(anonymous_4)","decl":{"start":{"line":14,"column":12},"end":{"line":14,"column":null}},"loc":{"start":{"line":14,"column":12},"end":{"line":19,"column":3}}},"2":{"name":"DirtyPolarBear","decl":{"start":{"line":29,"column":9},"end":{"line":29,"column":23}},"loc":{"start":{"line":29,"column":36},"end":{"line":54,"column":1}}},"3":{"name":"(anonymous_6)","decl":{"start":{"line":33,"column":22},"end":{"line":33,"column":23}},"loc":{"start":{"line":33,"column":29},"end":{"line":36,"column":3}}},"4":{"name":"(anonymous_7)","decl":{"start":{"line":37,"column":17},"end":{"line":37,"column":18}},"loc":{"start":{"line":37,"column":28},"end":{"line":42,"column":3}}}},"branchMap":{"0":{"loc":{"start":{"line":15,"column":8},"end":{"line":15,"column":16}},"type":"binary-expr","locations":[{"start":{"line":15,"column":8},"end":{"line":15,"column":16}},{"start":{"line":15,"column":20},"end":{"line":15,"column":36}}]}},"s":{"0":3,"1":3,"2":3,"3":3,"4":1,"5":1,"6":1,"7":1,"8":1,"9":3,"10":3,"11":3,"12":3,"13":3,"14":3,"15":3,"16":0,"17":0,"18":3,"19":0,"20":0,"21":2,"22":1,"23":3},"f":{"0":1,"1":1,"2":3,"3":0,"4":0},"b":{"0":[1,1]}}
,"/Users/oskarhane/Development/karhu/packages/ui/src/dirty-polarbear/styled.tsx": {"path":"/Users/oskarhane/Development/karhu/packages/ui/src/dirty-polarbear/styled.tsx","statementMap":{"0":{"start":{"line":1,"column":0},"end":{"line":1,"column":37}},"1":{"start":{"line":3,"column":13},"end":{"line":16,"column":2}},"2":{"start":{"line":18,"column":13},"end":{"line":25,"column":2}},"3":{"start":{"line":27,"column":13},"end":{"line":35,"column":2}},"4":{"start":{"line":41,"column":13},"end":{"line":53,"column":null}},"5":{"start":{"line":43,"column":44},"end":{"line":43,"column":null}},"6":{"start":{"line":44,"column":39},"end":{"line":44,"column":null}},"7":{"start":{"line":53,"column":41},"end":{"line":53,"column":null}}},"fnMap":{"0":{"name":"(anonymous_2)","decl":{"start":{"line":43,"column":16},"end":{"line":43,"column":17}},"loc":{"start":{"line":43,"column":39},"end":{"line":43,"column":45}}},"1":{"name":"(anonymous_3)","decl":{"start":{"line":44,"column":11},"end":{"line":44,"column":12}},"loc":{"start":{"line":44,"column":34},"end":{"line":44,"column":40}}},"2":{"name":"(anonymous_4)","decl":{"start":{"line":53,"column":13},"end":{"line":53,"column":14}},"loc":{"start":{"line":53,"column":36},"end":{"line":53,"column":42}}}},"branchMap":{"0":{"loc":{"start":{"line":3,"column":37},"end":{"line":3,"column":null}},"type":"binary-expr","locations":[{"start":{"line":3,"column":37},"end":{"line":3,"column":null}},{"start":{"line":3,"column":37},"end":{"line":16,"column":2}}]},"1":{"loc":{"start":{"line":18,"column":37},"end":{"line":18,"column":null}},"type":"binary-expr","locations":[{"start":{"line":18,"column":37},"end":{"line":18,"column":null}},{"start":{"line":18,"column":37},"end":{"line":25,"column":2}}]},"2":{"loc":{"start":{"line":27,"column":36},"end":{"line":27,"column":null}},"type":"binary-expr","locations":[{"start":{"line":27,"column":36},"end":{"line":27,"column":null}},{"start":{"line":27,"column":36},"end":{"line":35,"column":2}}]},"3":{"loc":{"start":{"line":41,"column":40},"end":{"line":41,"column":null}},"type":"binary-expr","locations":[{"start":{"line":41,"column":40},"end":{"line":41,"column":null}},{"start":{"line":41,"column":40},"end":{"line":56,"column":2}}]},"4":{"loc":{"start":{"line":43,"column":60},"end":{"line":43,"column":69}},"type":"cond-expr","locations":[{"start":{"line":43,"column":60},"end":{"line":43,"column":69}},{"start":{"line":43,"column":72},"end":{"line":43,"column":81}}]},"5":{"loc":{"start":{"line":44,"column":55},"end":{"line":44,"column":61}},"type":"cond-expr","locations":[{"start":{"line":44,"column":55},"end":{"line":44,"column":61}},{"start":{"line":44,"column":64},"end":{"line":44,"column":70}}]},"6":{"loc":{"start":{"line":53,"column":57},"end":{"line":53,"column":63}},"type":"cond-expr","locations":[{"start":{"line":53,"column":57},"end":{"line":53,"column":63}},{"start":{"line":53,"column":66},"end":{"line":53,"column":75}}]}},"s":{"0":3,"1":3,"2":3,"3":3,"4":3,"5":0,"6":0,"7":0},"f":{"0":0,"1":0,"2":0},"b":{"0":[3,3],"1":[3,3],"2":[3,3],"3":[3,3],"4":[0,0],"5":[0,0],"6":[0,0]}}
}
