TN:
SF:/Users/oskarhane/Development/karhu/packages/ui/src/ListSelector.tsx
FN:20,(anonymous_7)
FN:67,(anonymous_9)
FN:72,(anonymous_10)
FN:104,(anonymous_11)
FN:25,(anonymous_12)
FN:29,(anonymous_13)
FN:32,(anonymous_14)
FN:35,(anonymous_15)
FN:63,(anonymous_16)
FN:107,(anonymous_17)
FN:110,(anonymous_18)
FNF:11
FNH:9
FNDA:6,(anonymous_7)
FNDA:3,(anonymous_9)
FNDA:6,(anonymous_10)
FNDA:0,(anonymous_11)
FNDA:2,(anonymous_12)
FNDA:1,(anonymous_13)
FNDA:4,(anonymous_14)
FNDA:6,(anonymous_15)
FNDA:12,(anonymous_16)
FNDA:6,(anonymous_17)
FNDA:0,(anonymous_18)
DA:1,4
DA:20,4
DA:21,2
DA:25,4
DA:26,2
DA:27,2
DA:29,4
DA:30,1
DA:32,4
DA:33,4
DA:35,4
DA:41,0
DA:43,1
DA:47,0
DA:48,0
DA:52,1
DA:53,1
DA:58,0
DA:59,0
DA:63,12
DA:64,0
DA:67,2
DA:68,3
DA:71,2
DA:72,6
DA:73,2
DA:74,2
DA:78,1
DA:81,0
DA:84,1
DA:87,0
DA:90,0
DA:92,2
DA:93,2
DA:97,1
DA:99,0
DA:101,1
DA:104,2
DA:105,0
DA:107,6
DA:108,6
DA:109,6
DA:110,6
DA:111,6
DA:117,4
LF:45
LH:34
BRDA:20,0,0,2
BRDA:20,0,1,2
BRDA:20,0,2,2
BRDA:73,1,0,2
BRDA:73,1,1,0
BRDA:76,2,0,2
BRDA:76,2,1,1
BRDA:79,3,0,1
BRDA:79,3,1,0
BRDA:82,4,0,1
BRDA:82,4,1,1
BRDA:85,5,0,0
BRDA:85,5,1,0
BRDA:88,6,0,0
BRDA:88,6,1,0
BRDA:101,7,0,1
BRDA:101,7,1,0
BRDA:38,8,0,6
BRDA:38,8,1,1
BRDA:57,9,0,4
BRDA:57,9,1,1
BRDA:63,10,0,4
BRDA:63,10,1,0
BRF:23
BRH:15
end_of_record
TN:
SF:/Users/oskarhane/Development/karhu/packages/ui/src/Portal.tsx
FN:9,(anonymous_7)
FN:10,(anonymous_9)
FNF:2
FNH:2
FNDA:4,(anonymous_7)
FNDA:1,(anonymous_9)
DA:1,3
DA:2,3
DA:9,3
DA:10,3
DA:12,0
DA:14,1
DA:16,3
LF:7
LH:6
BRF:0
BRH:0
end_of_record
TN:
SF:/Users/oskarhane/Development/karhu/packages/ui/src/UIToggler.tsx
FN:25,useEventListener
FN:29,(anonymous_2)
FN:36,(anonymous_3)
FN:38,(anonymous_4)
FN:40,cleanup
FN:48,useToggler
FN:55,handleOutsideClick
FN:66,handleKeyPress
FN:85,close
FN:90,(anonymous_10)
FN:93,Toggler
FNF:11
FNH:11
FNDA:20,useEventListener
FNDA:20,(anonymous_2)
FNDA:6,(anonymous_3)
FNDA:6,(anonymous_4)
FNDA:6,cleanup
FNDA:10,useToggler
FNDA:2,handleOutsideClick
FNDA:4,handleKeyPress
FNDA:3,close
FNDA:1,(anonymous_10)
FNDA:10,Toggler
DA:1,3
DA:4,3
DA:5,3
DA:6,3
DA:27,20
DA:28,20
DA:31,20
DA:35,20
DA:38,6
DA:39,6
DA:40,6
DA:41,6
DA:49,10
DA:50,10
DA:52,10
DA:53,10
DA:57,0
DA:59,2
DA:61,1
DA:62,1
DA:67,4
DA:70,1
DA:71,1
DA:72,1
DA:76,0
DA:79,3
DA:80,3
DA:81,3
DA:87,3
DA:90,10
DA:93,3
DA:94,10
DA:95,10
LF:33
LH:31
BRDA:56,0,0,2
BRDA:56,0,1,2
BRDA:56,0,2,2
BRDA:60,1,0,2
BRDA:60,1,1,1
BRDA:69,2,0,4
BRDA:69,2,1,1
BRDA:75,3,0,3
BRDA:75,3,1,0
BRDA:75,3,2,0
BRDA:78,4,0,3
BRDA:78,4,1,3
BRDA:86,5,0,3
BRDA:86,5,1,3
BRDA:95,6,0,0
BRDA:95,6,1,10
BRF:16
BRH:13
end_of_record
TN:
SF:/Users/oskarhane/Development/karhu/packages/ui/src/index.tsx
FNF:0
FNH:0
DA:1,3
DA:2,3
DA:3,3
DA:5,3
LF:4
LH:4
BRF:0
BRH:0
end_of_record
TN:
SF:/Users/oskarhane/Development/karhu/packages/ui/src/dirty-polarbear/CommandList.tsx
FN:15,(anonymous_7)
FN:16,(anonymous_9)
FN:21,(anonymous_10)
FN:24,(anonymous_11)
FN:27,(anonymous_12)
FN:28,(anonymous_13)
FNF:6
FNH:3
FNDA:4,(anonymous_7)
FNDA:1,(anonymous_9)
FNDA:1,(anonymous_10)
FNDA:0,(anonymous_11)
FNDA:0,(anonymous_12)
FNDA:0,(anonymous_13)
DA:1,3
DA:3,3
DA:4,3
DA:15,3
DA:16,3
DA:17,1
DA:18,1
DA:21,1
DA:22,1
DA:24,0
DA:27,0
DA:28,0
DA:41,3
LF:13
LH:10
BRF:0
BRH:0
end_of_record
TN:
SF:/Users/oskarhane/Development/karhu/packages/ui/src/dirty-polarbear/index.tsx
FN:12,Input
FN:14,(anonymous_4)
FN:29,DirtyPolarBear
FN:33,(anonymous_6)
FN:37,(anonymous_7)
FNF:5
FNH:3
FNDA:1,Input
FNDA:1,(anonymous_4)
FNDA:3,DirtyPolarBear
FNDA:0,(anonymous_6)
FNDA:0,(anonymous_7)
DA:1,3
DA:2,3
DA:3,3
DA:4,3
DA:13,1
DA:14,1
DA:16,1
DA:17,1
DA:20,1
DA:30,3
DA:31,3
DA:33,3
DA:34,0
DA:35,0
DA:37,3
DA:38,0
DA:40,0
DA:44,2
DA:46,1
DA:56,3
LF:20
LH:16
BRDA:15,0,0,1
BRDA:15,0,1,1
BRF:2
BRH:2
end_of_record
TN:
SF:/Users/oskarhane/Development/karhu/packages/ui/src/dirty-polarbear/styled.tsx
FN:43,(anonymous_2)
FN:44,(anonymous_3)
FN:53,(anonymous_4)
FNF:3
FNH:0
FNDA:0,(anonymous_2)
FNDA:0,(anonymous_3)
FNDA:0,(anonymous_4)
DA:1,3
DA:3,3
DA:18,3
DA:27,3
DA:41,3
DA:43,0
DA:44,0
DA:53,0
LF:8
LH:5
BRDA:3,0,0,3
BRDA:3,0,1,3
BRDA:18,1,0,3
BRDA:18,1,1,3
BRDA:27,2,0,3
BRDA:27,2,1,3
BRDA:41,3,0,3
BRDA:41,3,1,3
BRDA:43,4,0,0
BRDA:43,4,1,0
BRDA:44,5,0,0
BRDA:44,5,1,0
BRDA:53,6,0,0
BRDA:53,6,1,0
BRF:14
BRH:8
end_of_record
